<?xml version="1.0" encoding="UTF-8"?>
<testng-results skipped="0" failed="0" total="7" passed="7">
  <reporter-output>
  </reporter-output>
  <suite name="Command line suite" duration-ms="46" started-at="2011-10-05T18:08:22Z" finished-at="2011-10-05T18:08:22Z">
    <groups>
      <group name="WahrFalsch">
        <method signature="TestNGTests.BeideWahr()[pri:0, instance:de.philulay.jenkinsbeispiel.TestNGTests@e4ac00c]" name="BeideWahr" class="de.philulay.jenkinsbeispiel.TestNGTests"/>
        <method signature="TestNGTests.NichtBeideWahr()[pri:0, instance:de.philulay.jenkinsbeispiel.TestNGTests@e4ac00c]" name="NichtBeideWahr" class="de.philulay.jenkinsbeispiel.TestNGTests"/>
        <method signature="TestNGTests.NichtsWahr()[pri:0, instance:de.philulay.jenkinsbeispiel.TestNGTests@e4ac00c]" name="NichtsWahr" class="de.philulay.jenkinsbeispiel.TestNGTests"/>
      </group>
      <group name="Fibonacci">
        <method signature="TestNGTests.TestFibi()[pri:0, instance:de.philulay.jenkinsbeispiel.TestNGTests@e4ac00c]" name="TestFibi" class="de.philulay.jenkinsbeispiel.TestNGTests"/>
        <method signature="TestNGTests.TestFibr()[pri:0, instance:de.philulay.jenkinsbeispiel.TestNGTests@e4ac00c]" name="TestFibr" class="de.philulay.jenkinsbeispiel.TestNGTests"/>
      </group>
      <group name="Fakultaet">
        <method signature="TestNGTests.TestFak5i()[pri:0, instance:de.philulay.jenkinsbeispiel.TestNGTests@e4ac00c]" name="TestFak5i" class="de.philulay.jenkinsbeispiel.TestNGTests"/>
        <method signature="TestNGTests.TestFak5r()[pri:0, instance:de.philulay.jenkinsbeispiel.TestNGTests@e4ac00c]" name="TestFak5r" class="de.philulay.jenkinsbeispiel.TestNGTests"/>
      </group>
    </groups>
    <test name="Command line test" duration-ms="46" started-at="2011-10-05T18:08:22Z" finished-at="2011-10-05T18:08:22Z">
      <class name="de.philulay.jenkinsbeispiel.TestNGTests">
        <test-method status="PASS" signature="BeideWahr()[pri:0, instance:de.philulay.jenkinsbeispiel.TestNGTests@e4ac00c]" name="BeideWahr" duration-ms="11" started-at="2011-10-05T18:08:22Z" finished-at="2011-10-05T18:08:22Z">
        </test-method>
        <test-method status="PASS" signature="NichtBeideWahr()[pri:0, instance:de.philulay.jenkinsbeispiel.TestNGTests@e4ac00c]" name="NichtBeideWahr" duration-ms="1" started-at="2011-10-05T18:08:22Z" finished-at="2011-10-05T18:08:22Z">
          <exception class="java.lang.Exception">
            <message>
              <![CDATA[Variablen nicht identisch]]>
            </message>
            <full-stacktrace>
              <![CDATA[java.lang.Exception: Variablen nicht identisch
	at de.philulay.jenkinsbeispiel.WahrFalsch.TestBeideWahr(WahrFalsch.java:15)
	at de.philulay.jenkinsbeispiel.TestNGTests.NichtBeideWahr(TestNGTests.java:45)
	at sun.reflect.NativeMethodAccessorImpl.invoke0(Native Method)
	at sun.reflect.NativeMethodAccessorImpl.invoke(NativeMethodAccessorImpl.java:39)
	at sun.reflect.DelegatingMethodAccessorImpl.invoke(DelegatingMethodAccessorImpl.java:25)
	at java.lang.reflect.Method.invoke(Method.java:597)
	at org.testng.internal.MethodInvocationHelper.invokeMethod(MethodInvocationHelper.java:80)
	at org.testng.internal.Invoker.invokeMethod(Invoker.java:691)
	at org.testng.internal.Invoker.invokeTestMethod(Invoker.java:883)
	at org.testng.internal.Invoker.invokeTestMethods(Invoker.java:1208)
	at org.testng.internal.TestMethodWorker.invokeTestMethods(TestMethodWorker.java:127)
	at org.testng.internal.TestMethodWorker.run(TestMethodWorker.java:111)
	at org.testng.TestRunner.privateRun(TestRunner.java:753)
	at org.testng.TestRunner.run(TestRunner.java:613)
	at org.testng.SuiteRunner.runTest(SuiteRunner.java:335)
	at org.testng.SuiteRunner.runSequentially(SuiteRunner.java:330)
	at org.testng.SuiteRunner.privateRun(SuiteRunner.java:292)
	at org.testng.SuiteRunner.run(SuiteRunner.java:241)
	at org.testng.SuiteRunnerWorker.runSuite(SuiteRunnerWorker.java:52)
	at org.testng.SuiteRunnerWorker.run(SuiteRunnerWorker.java:86)
	at org.testng.TestNG.runSuitesSequentially(TestNG.java:1169)
	at org.testng.TestNG.runSuitesLocally(TestNG.java:1094)
	at org.testng.TestNG.run(TestNG.java:1006)
	at org.apache.maven.surefire.testng.TestNGExecutor.run(TestNGExecutor.java:60)
	at org.apache.maven.surefire.testng.TestNGDirectoryTestSuite.executeMulti(TestNGDirectoryTestSuite.java:153)
	at org.apache.maven.surefire.testng.TestNGDirectoryTestSuite.execute(TestNGDirectoryTestSuite.java:99)
	at org.apache.maven.surefire.testng.TestNGProvider.invoke(TestNGProvider.java:111)
	at sun.reflect.NativeMethodAccessorImpl.invoke0(Native Method)
	at sun.reflect.NativeMethodAccessorImpl.invoke(NativeMethodAccessorImpl.java:39)
	at sun.reflect.DelegatingMethodAccessorImpl.invoke(DelegatingMethodAccessorImpl.java:25)
	at java.lang.reflect.Method.invoke(Method.java:597)
	at org.apache.maven.surefire.booter.ProviderFactory$ClassLoaderProxy.invoke(ProviderFactory.java:103)
	at $Proxy0.invoke(Unknown Source)
	at org.apache.maven.surefire.booter.SurefireStarter.invokeProvider(SurefireStarter.java:150)
	at org.apache.maven.surefire.booter.SurefireStarter.runSuitesInProcess(SurefireStarter.java:91)
	at org.apache.maven.surefire.booter.ForkedBooter.main(ForkedBooter.java:69)
]]>
            </full-stacktrace>
          </exception>
        </test-method>
        <test-method status="PASS" signature="NichtsWahr()[pri:0, instance:de.philulay.jenkinsbeispiel.TestNGTests@e4ac00c]" name="NichtsWahr" duration-ms="0" started-at="2011-10-05T18:08:22Z" finished-at="2011-10-05T18:08:22Z">
          <exception class="java.lang.Exception">
            <message>
              <![CDATA[Variablen nicht identisch]]>
            </message>
            <full-stacktrace>
              <![CDATA[java.lang.Exception: Variablen nicht identisch
	at de.philulay.jenkinsbeispiel.WahrFalsch.TestBeideWahr(WahrFalsch.java:15)
	at de.philulay.jenkinsbeispiel.TestNGTests.NichtsWahr(TestNGTests.java:50)
	at sun.reflect.NativeMethodAccessorImpl.invoke0(Native Method)
	at sun.reflect.NativeMethodAccessorImpl.invoke(NativeMethodAccessorImpl.java:39)
	at sun.reflect.DelegatingMethodAccessorImpl.invoke(DelegatingMethodAccessorImpl.java:25)
	at java.lang.reflect.Method.invoke(Method.java:597)
	at org.testng.internal.MethodInvocationHelper.invokeMethod(MethodInvocationHelper.java:80)
	at org.testng.internal.Invoker.invokeMethod(Invoker.java:691)
	at org.testng.internal.Invoker.invokeTestMethod(Invoker.java:883)
	at org.testng.internal.Invoker.invokeTestMethods(Invoker.java:1208)
	at org.testng.internal.TestMethodWorker.invokeTestMethods(TestMethodWorker.java:127)
	at org.testng.internal.TestMethodWorker.run(TestMethodWorker.java:111)
	at org.testng.TestRunner.privateRun(TestRunner.java:753)
	at org.testng.TestRunner.run(TestRunner.java:613)
	at org.testng.SuiteRunner.runTest(SuiteRunner.java:335)
	at org.testng.SuiteRunner.runSequentially(SuiteRunner.java:330)
	at org.testng.SuiteRunner.privateRun(SuiteRunner.java:292)
	at org.testng.SuiteRunner.run(SuiteRunner.java:241)
	at org.testng.SuiteRunnerWorker.runSuite(SuiteRunnerWorker.java:52)
	at org.testng.SuiteRunnerWorker.run(SuiteRunnerWorker.java:86)
	at org.testng.TestNG.runSuitesSequentially(TestNG.java:1169)
	at org.testng.TestNG.runSuitesLocally(TestNG.java:1094)
	at org.testng.TestNG.run(TestNG.java:1006)
	at org.apache.maven.surefire.testng.TestNGExecutor.run(TestNGExecutor.java:60)
	at org.apache.maven.surefire.testng.TestNGDirectoryTestSuite.executeMulti(TestNGDirectoryTestSuite.java:153)
	at org.apache.maven.surefire.testng.TestNGDirectoryTestSuite.execute(TestNGDirectoryTestSuite.java:99)
	at org.apache.maven.surefire.testng.TestNGProvider.invoke(TestNGProvider.java:111)
	at sun.reflect.NativeMethodAccessorImpl.invoke0(Native Method)
	at sun.reflect.NativeMethodAccessorImpl.invoke(NativeMethodAccessorImpl.java:39)
	at sun.reflect.DelegatingMethodAccessorImpl.invoke(DelegatingMethodAccessorImpl.java:25)
	at java.lang.reflect.Method.invoke(Method.java:597)
	at org.apache.maven.surefire.booter.ProviderFactory$ClassLoaderProxy.invoke(ProviderFactory.java:103)
	at $Proxy0.invoke(Unknown Source)
	at org.apache.maven.surefire.booter.SurefireStarter.invokeProvider(SurefireStarter.java:150)
	at org.apache.maven.surefire.booter.SurefireStarter.runSuitesInProcess(SurefireStarter.java:91)
	at org.apache.maven.surefire.booter.ForkedBooter.main(ForkedBooter.java:69)
]]>
            </full-stacktrace>
          </exception>
        </test-method>
        <test-method status="PASS" signature="TestFak5i()[pri:0, instance:de.philulay.jenkinsbeispiel.TestNGTests@e4ac00c]" name="TestFak5i" duration-ms="1" started-at="2011-10-05T18:08:22Z" finished-at="2011-10-05T18:08:22Z">
        </test-method>
        <test-method status="PASS" signature="TestFak5r()[pri:0, instance:de.philulay.jenkinsbeispiel.TestNGTests@e4ac00c]" name="TestFak5r" duration-ms="1" started-at="2011-10-05T18:08:22Z" finished-at="2011-10-05T18:08:22Z">
        </test-method>
        <test-method status="PASS" signature="TestFibi()[pri:0, instance:de.philulay.jenkinsbeispiel.TestNGTests@e4ac00c]" name="TestFibi" duration-ms="3" started-at="2011-10-05T18:08:22Z" finished-at="2011-10-05T18:08:22Z">
        </test-method>
        <test-method status="PASS" signature="TestFibr()[pri:0, instance:de.philulay.jenkinsbeispiel.TestNGTests@e4ac00c]" name="TestFibr" duration-ms="1" started-at="2011-10-05T18:08:22Z" finished-at="2011-10-05T18:08:22Z">
        </test-method>
      </class>
    </test>
  </suite>
</testng-results>
